<?xml version="1.0" encoding="UTF-8"?>
<TestRun id="3e1184ea-bba5-45eb-9811-a5b8a2be16f1" name="dewa@ZEROCOOL-DW 2018-06-12 15:30:44" runUser="NORTHAMERICA\dewa" xmlns="http://microsoft.com/schemas/VisualStudio/TeamTest/2010">
  <TestSettings name="Local" id="70ff944b-c0be-4a3f-b0df-33cdc3c9b0b1">
    <Description>These are default test settings for a local test run.</Description>
    <Execution hostProcessPlatform="MSIL">
      <TestTypeSpecific />
      <AgentRule name="Execution Agents">
      </AgentRule>
    </Execution>
    <Deployment runDeploymentRoot="dewa_ZEROCOOL-DW 2018-06-12 15_30_44" />
    <Properties>
      <Property name="TestSettingsUIType" value="LoadTest" />
    </Properties>
  </TestSettings>
  <Times creation="2018-06-12T15:30:44.0637518-04:00" queuing="2018-06-12T15:30:44.5938189-04:00" start="2018-06-12T15:30:44.7384430-04:00" finish="2018-06-12T15:30:57.0378691-04:00" />
  <ResultSummary outcome="Failed">
    <Counters total="1" executed="1" error="0" failed="1" timeout="0" aborted="0" inconclusive="0" passedButRunAborted="0" notRunnable="0" notExecuted="0" disconnected="0" warning="0" passed="0" completed="0" inProgress="0" pending="0" />
  </ResultSummary>
  <TestDefinitions>
    <WebTest name="WebTest1" storage="c:\users\dewa\documents\github\asp.net-core-mvc-webapp---explore-california\webandloadtests\webtest1.webtest" id="a0c2a10f-36a5-4c3e-9db1-faee563b6ca4" persistedWebTest="77u/PD94bWwgdmVyc2lvbj0iMS4wIiBlbmNvZGluZz0iVVRGLTgiIHN0YW5kYWxvbmU9InllcyI/Pg0KPFdlYlRlc3QgTmFtZT0iV2ViVGVzdDEiIElkPSJhMGMyYTEwZi0zNmE1LTRjM2UtOWRiMS1mYWVlNTYzYjZjYTQiIE93bmVyPSIiIFByaW9yaXR5PSIyMTQ3NDgzNjQ3IiBFbmFibGVkPSJUcnVlIiBDc3NQcm9qZWN0U3RydWN0dXJlPSIiIENzc0l0ZXJhdGlvbj0iIiBUaW1lb3V0PSIwIiBXb3JrSXRlbUlkcz0iIiB4bWxucz0iaHR0cDovL21pY3Jvc29mdC5jb20vc2NoZW1hcy9WaXN1YWxTdHVkaW8vVGVhbVRlc3QvMjAxMCIgRGVzY3JpcHRpb249IiIgQ3JlZGVudGlhbFVzZXJOYW1lPSIiIENyZWRlbnRpYWxQYXNzd29yZD0iIiBQcmVBdXRoZW50aWNhdGU9IlRydWUiIFByb3h5PSJkZWZhdWx0IiBTdG9wT25FcnJvcj0iRmFsc2UiIFJlY29yZGVkUmVzdWx0RmlsZT0iV2ViVGVzdDEuZjdjNWJiOGQtY2EzNC00YWU1LWJkOTQtODI5YzRmNmYxZDU1LnJlYy53ZWJ0ZXN0cmVzdWx0IiBSZXN1bHRzTG9jYWxlPSIiPg0KICA8SXRlbXM+DQogICAgPFJlcXVlc3QgTWV0aG9kPSJHRVQiIEd1aWQ9IjVmN2RjNjk4LTUzN2QtNDAzNi05Y2Q1LTU4MTIyNjBjMWFmZCIgVmVyc2lvbj0iMS4xIiBVcmw9Imh0dHA6Ly9hcGkuYmluZy5jb20vcXNtbC5hc3B4IiBUaGlua1RpbWU9IjAiIFRpbWVvdXQ9IjMwMCIgUGFyc2VEZXBlbmRlbnRSZXF1ZXN0cz0iVHJ1ZSIgRm9sbG93UmVkaXJlY3RzPSJUcnVlIiBSZWNvcmRSZXN1bHQ9IlRydWUiIENhY2hlPSJGYWxzZSIgUmVzcG9uc2VUaW1lR29hbD0iMCIgRW5jb2Rpbmc9InV0Zi04IiBFeHBlY3RlZEh0dHBTdGF0dXNDb2RlPSIwIiBFeHBlY3RlZFJlc3BvbnNlVXJsPSJodHRwczovL2FwaS5iaW5nLmNvbS9xc21sLmFzcHg/cXVlcnk9aHR0cCUzQSUyRiUyRmxvY2FsaG9zdCUzQTQyMDAlMkYmYW1wO21heHdpZHRoPTMyNzY1JmFtcDtyb3doZWlnaHQ9MjAmYW1wO3NlY3Rpb25IZWlnaHQ9MTYwJmFtcDtGT1JNPUlFU1M0QSZhbXA7bWFya2V0PWVuLVVTIiBSZXBvcnRpbmdOYW1lPSIiIElnbm9yZUh0dHBTdGF0dXNDb2RlPSJGYWxzZSI+DQogICAgICA8UXVlcnlTdHJpbmdQYXJhbWV0ZXJzPg0KICAgICAgICA8UXVlcnlTdHJpbmdQYXJhbWV0ZXIgTmFtZT0icXVlcnkiIFZhbHVlPSJodHRwJTNBJTJGJTJGbG9jYWxob3N0JTNBNDIwMCUyRiIgUmVjb3JkZWRWYWx1ZT0iaHR0cCUzQSUyRiUyRmxvY2FsaG9zdCUzQTQyMDAlMkYiIENvcnJlbGF0aW9uQmluZGluZz0iIiBVcmxFbmNvZGU9IkZhbHNlIiBVc2VUb0dyb3VwUmVzdWx0cz0iRmFsc2UiIC8+DQogICAgICAgIDxRdWVyeVN0cmluZ1BhcmFtZXRlciBOYW1lPSJtYXh3aWR0aCIgVmFsdWU9IjMyNzY1IiBSZWNvcmRlZFZhbHVlPSIzMjc2NSIgQ29ycmVsYXRpb25CaW5kaW5nPSIiIFVybEVuY29kZT0iRmFsc2UiIFVzZVRvR3JvdXBSZXN1bHRzPSJGYWxzZSIgLz4NCiAgICAgICAgPFF1ZXJ5U3RyaW5nUGFyYW1ldGVyIE5hbWU9InJvd2hlaWdodCIgVmFsdWU9IjIwIiBSZWNvcmRlZFZhbHVlPSIyMCIgQ29ycmVsYXRpb25CaW5kaW5nPSIiIFVybEVuY29kZT0iRmFsc2UiIFVzZVRvR3JvdXBSZXN1bHRzPSJGYWxzZSIgLz4NCiAgICAgICAgPFF1ZXJ5U3RyaW5nUGFyYW1ldGVyIE5hbWU9InNlY3Rpb25IZWlnaHQiIFZhbHVlPSIxNjAiIFJlY29yZGVkVmFsdWU9IjE2MCIgQ29ycmVsYXRpb25CaW5kaW5nPSIiIFVybEVuY29kZT0iRmFsc2UiIFVzZVRvR3JvdXBSZXN1bHRzPSJGYWxzZSIgLz4NCiAgICAgICAgPFF1ZXJ5U3RyaW5nUGFyYW1ldGVyIE5hbWU9IkZPUk0iIFZhbHVlPSJJRVNTNEEiIFJlY29yZGVkVmFsdWU9IklFU1M0QSIgQ29ycmVsYXRpb25CaW5kaW5nPSIiIFVybEVuY29kZT0iRmFsc2UiIFVzZVRvR3JvdXBSZXN1bHRzPSJGYWxzZSIgLz4NCiAgICAgICAgPFF1ZXJ5U3RyaW5nUGFyYW1ldGVyIE5hbWU9Im1hcmtldCIgVmFsdWU9ImVuLVVTIiBSZWNvcmRlZFZhbHVlPSJlbi1VUyIgQ29ycmVsYXRpb25CaW5kaW5nPSIiIFVybEVuY29kZT0iRmFsc2UiIFVzZVRvR3JvdXBSZXN1bHRzPSJGYWxzZSIgLz4NCiAgICAgIDwvUXVlcnlTdHJpbmdQYXJhbWV0ZXJzPg0KICAgIDwvUmVxdWVzdD4NCiAgICA8UmVxdWVzdCBNZXRob2Q9IkdFVCIgR3VpZD0iNzRhMjM2OGMtM2I1Ni00YWYwLTgwYTgtMDIxNTBjZWFhZmE0IiBWZXJzaW9uPSIxLjEiIFVybD0iaHR0cDovL2FwaS5iaW5nLmNvbS9xc21sLmFzcHgiIFRoaW5rVGltZT0iMCIgVGltZW91dD0iMzAwIiBQYXJzZURlcGVuZGVudFJlcXVlc3RzPSJUcnVlIiBGb2xsb3dSZWRpcmVjdHM9IlRydWUiIFJlY29yZFJlc3VsdD0iVHJ1ZSIgQ2FjaGU9IkZhbHNlIiBSZXNwb25zZVRpbWVHb2FsPSIwIiBFbmNvZGluZz0idXRmLTgiIEV4cGVjdGVkSHR0cFN0YXR1c0NvZGU9IjAiIEV4cGVjdGVkUmVzcG9uc2VVcmw9Imh0dHBzOi8vYXBpLmJpbmcuY29tL3FzbWwuYXNweD9xdWVyeT1odHRwJTNBJTJGJTJGbG9jYWxob3N0JTNBNDIwMCUyRiZhbXA7bWF4d2lkdGg9MzI3NjUmYW1wO3Jvd2hlaWdodD0yMCZhbXA7c2VjdGlvbkhlaWdodD0xNjAmYW1wO0ZPUk09SUVTUzRBJmFtcDttYXJrZXQ9ZW4tVVMiIFJlcG9ydGluZ05hbWU9IiIgSWdub3JlSHR0cFN0YXR1c0NvZGU9IkZhbHNlIj4NCiAgICAgIDxRdWVyeVN0cmluZ1BhcmFtZXRlcnM+DQogICAgICAgIDxRdWVyeVN0cmluZ1BhcmFtZXRlciBOYW1lPSJxdWVyeSIgVmFsdWU9Imh0dHAlM0ElMkYlMkZsb2NhbGhvc3QlM0E0MjAwJTJGIiBSZWNvcmRlZFZhbHVlPSJodHRwJTNBJTJGJTJGbG9jYWxob3N0JTNBNDIwMCUyRiIgQ29ycmVsYXRpb25CaW5kaW5nPSIiIFVybEVuY29kZT0iRmFsc2UiIFVzZVRvR3JvdXBSZXN1bHRzPSJGYWxzZSIgLz4NCiAgICAgICAgPFF1ZXJ5U3RyaW5nUGFyYW1ldGVyIE5hbWU9Im1heHdpZHRoIiBWYWx1ZT0iMzI3NjUiIFJlY29yZGVkVmFsdWU9IjMyNzY1IiBDb3JyZWxhdGlvbkJpbmRpbmc9IiIgVXJsRW5jb2RlPSJGYWxzZSIgVXNlVG9Hcm91cFJlc3VsdHM9IkZhbHNlIiAvPg0KICAgICAgICA8UXVlcnlTdHJpbmdQYXJhbWV0ZXIgTmFtZT0icm93aGVpZ2h0IiBWYWx1ZT0iMjAiIFJlY29yZGVkVmFsdWU9IjIwIiBDb3JyZWxhdGlvbkJpbmRpbmc9IiIgVXJsRW5jb2RlPSJGYWxzZSIgVXNlVG9Hcm91cFJlc3VsdHM9IkZhbHNlIiAvPg0KICAgICAgICA8UXVlcnlTdHJpbmdQYXJhbWV0ZXIgTmFtZT0ic2VjdGlvbkhlaWdodCIgVmFsdWU9IjE2MCIgUmVjb3JkZWRWYWx1ZT0iMTYwIiBDb3JyZWxhdGlvbkJpbmRpbmc9IiIgVXJsRW5jb2RlPSJGYWxzZSIgVXNlVG9Hcm91cFJlc3VsdHM9IkZhbHNlIiAvPg0KICAgICAgICA8UXVlcnlTdHJpbmdQYXJhbWV0ZXIgTmFtZT0iRk9STSIgVmFsdWU9IklFU1M0QSIgUmVjb3JkZWRWYWx1ZT0iSUVTUzRBIiBDb3JyZWxhdGlvbkJpbmRpbmc9IiIgVXJsRW5jb2RlPSJGYWxzZSIgVXNlVG9Hcm91cFJlc3VsdHM9IkZhbHNlIiAvPg0KICAgICAgICA8UXVlcnlTdHJpbmdQYXJhbWV0ZXIgTmFtZT0ibWFya2V0IiBWYWx1ZT0iZW4tVVMiIFJlY29yZGVkVmFsdWU9ImVuLVVTIiBDb3JyZWxhdGlvbkJpbmRpbmc9IiIgVXJsRW5jb2RlPSJGYWxzZSIgVXNlVG9Hcm91cFJlc3VsdHM9IkZhbHNlIiAvPg0KICAgICAgPC9RdWVyeVN0cmluZ1BhcmFtZXRlcnM+DQogICAgPC9SZXF1ZXN0Pg0KICAgIDxSZXF1ZXN0IE1ldGhvZD0iR0VUIiBHdWlkPSIwMjZmMDhiOS1lMzkwLTQ3NGEtOWY1MC1lM2IzYTY4YmU0MjEiIFZlcnNpb249IjEuMSIgVXJsPSJodHRwOi8vbG9jYWxob3N0OjQyMDAvIiBUaGlua1RpbWU9IjAiIFRpbWVvdXQ9IjMwMCIgUGFyc2VEZXBlbmRlbnRSZXF1ZXN0cz0iVHJ1ZSIgRm9sbG93UmVkaXJlY3RzPSJUcnVlIiBSZWNvcmRSZXN1bHQ9IlRydWUiIENhY2hlPSJGYWxzZSIgUmVzcG9uc2VUaW1lR29hbD0iMCIgRW5jb2Rpbmc9InV0Zi04IiBFeHBlY3RlZEh0dHBTdGF0dXNDb2RlPSIwIiBFeHBlY3RlZFJlc3BvbnNlVXJsPSIiIFJlcG9ydGluZ05hbWU9IiIgSWdub3JlSHR0cFN0YXR1c0NvZGU9IkZhbHNlIiAvPg0KICAgIDxSZXF1ZXN0IE1ldGhvZD0iR0VUIiBHdWlkPSI0OGI4YjJmZS1jOGY0LTRjYTItODJhMy05NTA4MDQxNzM0NTciIFZlcnNpb249IjEuMSIgVXJsPSJodHRwOi8vbG9jYWxob3N0OjQyMDAvc29ja2pzLW5vZGUvaW5mbyIgVGhpbmtUaW1lPSIwIiBUaW1lb3V0PSIzMDAiIFBhcnNlRGVwZW5kZW50UmVxdWVzdHM9IlRydWUiIEZvbGxvd1JlZGlyZWN0cz0iVHJ1ZSIgUmVjb3JkUmVzdWx0PSJUcnVlIiBDYWNoZT0iRmFsc2UiIFJlc3BvbnNlVGltZUdvYWw9IjAiIEVuY29kaW5nPSJ1dGYtOCIgRXhwZWN0ZWRIdHRwU3RhdHVzQ29kZT0iMCIgRXhwZWN0ZWRSZXNwb25zZVVybD0iIiBSZXBvcnRpbmdOYW1lPSIiIElnbm9yZUh0dHBTdGF0dXNDb2RlPSJGYWxzZSI+DQogICAgICA8SGVhZGVycz4NCiAgICAgICAgPEhlYWRlciBOYW1lPSJSZWZlcmVyIiBWYWx1ZT0iaHR0cDovL2xvY2FsaG9zdDo0MjAwLyIgLz4NCiAgICAgIDwvSGVhZGVycz4NCiAgICAgIDxRdWVyeVN0cmluZ1BhcmFtZXRlcnM+DQogICAgICAgIDxRdWVyeVN0cmluZ1BhcmFtZXRlciBOYW1lPSJ0IiBWYWx1ZT0iMTUyODgzMTgzMzY1MiIgUmVjb3JkZWRWYWx1ZT0iMTUyODgzMTgzMzY1MiIgQ29ycmVsYXRpb25CaW5kaW5nPSIiIFVybEVuY29kZT0iRmFsc2UiIFVzZVRvR3JvdXBSZXN1bHRzPSJGYWxzZSIgLz4NCiAgICAgIDwvUXVlcnlTdHJpbmdQYXJhbWV0ZXJzPg0KICAgIDwvUmVxdWVzdD4NCiAgPC9JdGVtcz4NCiAgPFZhbGlkYXRpb25SdWxlcz4NCiAgICA8VmFsaWRhdGlvblJ1bGUgQ2xhc3NuYW1lPSJNaWNyb3NvZnQuVmlzdWFsU3R1ZGlvLlRlc3RUb29scy5XZWJUZXN0aW5nLlJ1bGVzLlZhbGlkYXRlUmVzcG9uc2VVcmwsIE1pY3Jvc29mdC5WaXN1YWxTdHVkaW8uUXVhbGl0eVRvb2xzLldlYlRlc3RGcmFtZXdvcmssIFZlcnNpb249MTAuMC4wLjAsIEN1bHR1cmU9bmV1dHJhbCwgUHVibGljS2V5VG9rZW49YjAzZjVmN2YxMWQ1MGEzYSIgRGlzcGxheU5hbWU9IlJlc3BvbnNlIFVSTCIgRGVzY3JpcHRpb249IlZhbGlkYXRlcyB0aGF0IHRoZSByZXNwb25zZSBVUkwgYWZ0ZXIgcmVkaXJlY3RzIGFyZSBmb2xsb3dlZCBpcyB0aGUgc2FtZSBhcyB0aGUgcmVjb3JkZWQgcmVzcG9uc2UgVVJMLiAgUXVlcnlTdHJpbmcgcGFyYW1ldGVycyBhcmUgaWdub3JlZC4iIExldmVsPSJMb3ciIEV4ZWN0dWlvbk9yZGVyPSJCZWZvcmVEZXBlbmRlbnRzIiAvPg0KICAgIDxWYWxpZGF0aW9uUnVsZSBDbGFzc25hbWU9Ik1pY3Jvc29mdC5WaXN1YWxTdHVkaW8uVGVzdFRvb2xzLldlYlRlc3RpbmcuUnVsZXMuVmFsaWRhdGlvblJ1bGVSZXNwb25zZVRpbWVHb2FsLCBNaWNyb3NvZnQuVmlzdWFsU3R1ZGlvLlF1YWxpdHlUb29scy5XZWJUZXN0RnJhbWV3b3JrLCBWZXJzaW9uPTEwLjAuMC4wLCBDdWx0dXJlPW5ldXRyYWwsIFB1YmxpY0tleVRva2VuPWIwM2Y1ZjdmMTFkNTBhM2EiIERpc3BsYXlOYW1lPSJSZXNwb25zZSBUaW1lIEdvYWwiIERlc2NyaXB0aW9uPSJWYWxpZGF0ZXMgdGhhdCB0aGUgcmVzcG9uc2UgdGltZSBmb3IgdGhlIHJlcXVlc3QgaXMgbGVzcyB0aGFuIG9yIGVxdWFsIHRvIHRoZSByZXNwb25zZSB0aW1lIGdvYWwgYXMgc3BlY2lmaWVkIG9uIHRoZSByZXF1ZXN0LiAgUmVzcG9uc2UgdGltZSBnb2FscyBvZiB6ZXJvIHdpbGwgYmUgaWdub3JlZC4iIExldmVsPSJMb3ciIEV4ZWN0dWlvbk9yZGVyPSJBZnRlckRlcGVuZGVudHMiPg0KICAgICAgPFJ1bGVQYXJhbWV0ZXJzPg0KICAgICAgICA8UnVsZVBhcmFtZXRlciBOYW1lPSJUb2xlcmFuY2UiIFZhbHVlPSIwIiAvPg0KICAgICAgPC9SdWxlUGFyYW1ldGVycz4NCiAgICA8L1ZhbGlkYXRpb25SdWxlPg0KICA8L1ZhbGlkYXRpb25SdWxlcz4NCjwvV2ViVGVzdD4=">
      <Execution id="ef8bbc5c-0ae8-47fe-a1cb-a2a67de1a433" />
    </WebTest>
  </TestDefinitions>
  <TestLists>
    <TestList name="Results Not in a List" id="8c84fa94-04c1-424b-9868-57a2d4851a1d" />
    <TestList name="All Loaded Results" id="19431567-8539-422a-85d7-44ee4e166bda" />
  </TestLists>
  <TestEntries>
    <TestEntry isTransparent="false" testId="a0c2a10f-36a5-4c3e-9db1-faee563b6ca4" executionId="ef8bbc5c-0ae8-47fe-a1cb-a2a67de1a433" testListId="8c84fa94-04c1-424b-9868-57a2d4851a1d" />
  </TestEntries>
  <Results>
    <WebTestResult executionId="ef8bbc5c-0ae8-47fe-a1cb-a2a67de1a433" testId="a0c2a10f-36a5-4c3e-9db1-faee563b6ca4" testName="WebTest1" computerName="ZEROCOOL-DW" duration="00:00:01.2967230" startTime="2018-06-12T15:30:44.9795015-04:00" endTime="2018-06-12T15:30:56.9893585-04:00" testType="4e7599fa-5ecb-43e9-a887-cd63cf72d207" outcome="Failed" testListId="8c84fa94-04c1-424b-9868-57a2d4851a1d" relativeResultsDirectory="ef8bbc5c-0ae8-47fe-a1cb-a2a67de1a433">
      <Output>
        <ErrorInfo>
          <Message>2 primary requests, 0 dependant requests and 0 conditional rules failed</Message>
        </ErrorInfo>
      </Output>
      <ResultFiles>
        <ResultFile path="WebTest1.webtestResult" />
      </ResultFiles>
      <TestSettings name="Local" id="70ff944b-c0be-4a3f-b0df-33cdc3c9b0b1">
        <Description>These are default test settings for a local test run.</Description>
        <Execution hostProcessPlatform="MSIL">
          <TestTypeSpecific>
            <WebTestRunConfiguration testTypeId="4e7599fa-5ecb-43e9-a887-cd63cf72d207">
              <Browser name="Internet Explorer 9.0" MaxConnections="6">
                <Headers>
                  <Header name="User-Agent" value="Mozilla/5.0 (compatible; MSIE 9.0; Windows NT 6.1; Trident/5.0)" />
                  <Header name="Accept" value="*/*" />
                  <Header name="Accept-Language" value="{{$IEAcceptLanguage}}" />
                  <Header name="Accept-Encoding" value="GZIP" />
                </Headers>
              </Browser>
            </WebTestRunConfiguration>
          </TestTypeSpecific>
          <AgentRule name="Execution Agents">
          </AgentRule>
        </Execution>
        <Deployment runDeploymentRoot="dewa_ZEROCOOL-DW 2018-06-12 15_30_44" />
        <Properties>
          <Property name="TestSettingsUIType" value="LoadTest" />
        </Properties>
      </TestSettings>
      <WebTestResultFilePath>dewa_ZEROCOOL-DW 2018-06-12 15_30_44\In\ef8bbc5c-0ae8-47fe-a1cb-a2a67de1a433\WebTest1.webtestResult</WebTestResultFilePath>
    </WebTestResult>
  </Results>
</TestRun>